{
  "stats": {
    "suites": 1,
    "tests": 4,
    "passes": 4,
    "pending": 0,
    "failures": 0,
    "start": "2025-06-23T09:52:46.910Z",
    "end": "2025-06-23T09:52:46.969Z",
    "duration": 59,
    "testsRegistered": 4,
    "passPercent": 100,
    "pendingPercent": 0,
    "other": 0,
    "hasOther": false,
    "skipped": 0,
    "hasSkipped": false
  },
  "results": [
    {
      "uuid": "95014e77-d644-4cb4-ac5a-03ba4e006533",
      "title": "",
      "fullFile": "cypress/e2e/orderFlow.cy.js",
      "file": "cypress/e2e/orderFlow.cy.js",
      "beforeHooks": [],
      "afterHooks": [],
      "tests": [],
      "suites": [
        {
          "uuid": "761a6466-505b-415e-8f53-2e304d474a83",
          "title": "Order Flow Validation",
          "fullFile": "",
          "file": "",
          "beforeHooks": [],
          "afterHooks": [],
          "tests": [
            {
              "title": "Create order with same email as the respective account",
              "fullTitle": "Order Flow Validation Create order with same email as the respective account",
              "timedOut": null,
              "duration": 22,
              "state": "passed",
              "speed": "fast",
              "pass": true,
              "fail": false,
              "pending": false,
              "context": "{\n  \"title\": \"cypress-mochawesome-reporter-videos-passed\",\n  \"value\": \"cypress/e2e/orderFlow.cy.js\"\n}",
              "code": "",
              "err": {},
              "uuid": "128f4c64-b3a0-4a15-ab53-3486d7fe8555",
              "parentUUID": "761a6466-505b-415e-8f53-2e304d474a83",
              "isHook": false,
              "skipped": false
            },
            {
              "title": "Create order with different email from the respective account",
              "fullTitle": "Order Flow Validation Create order with different email from the respective account",
              "timedOut": null,
              "duration": 4,
              "state": "passed",
              "speed": "fast",
              "pass": true,
              "fail": false,
              "pending": false,
              "context": "{\n  \"title\": \"cypress-mochawesome-reporter-videos-passed\",\n  \"value\": \"cypress/e2e/orderFlow.cy.js\"\n}",
              "code": "",
              "err": {},
              "uuid": "6204cac1-8fa2-4cb7-93b8-e4b16704b2d2",
              "parentUUID": "761a6466-505b-415e-8f53-2e304d474a83",
              "isHook": false,
              "skipped": false
            },
            {
              "title": "Create order without shipping location provided",
              "fullTitle": "Order Flow Validation Create order without shipping location provided",
              "timedOut": null,
              "duration": 5,
              "state": "passed",
              "speed": "fast",
              "pass": true,
              "fail": false,
              "pending": false,
              "context": "{\n  \"title\": \"cypress-mochawesome-reporter-videos-passed\",\n  \"value\": \"cypress/e2e/orderFlow.cy.js\"\n}",
              "code": "",
              "err": {},
              "uuid": "5b51d0ed-50d5-4895-ace3-05ec2405bed3",
              "parentUUID": "761a6466-505b-415e-8f53-2e304d474a83",
              "isHook": false,
              "skipped": false
            },
            {
              "title": "View order created by different email from the respective account",
              "fullTitle": "Order Flow Validation View order created by different email from the respective account",
              "timedOut": null,
              "duration": 3,
              "state": "passed",
              "speed": "fast",
              "pass": true,
              "fail": false,
              "pending": false,
              "context": "{\n  \"title\": \"cypress-mochawesome-reporter-videos-passed\",\n  \"value\": \"cypress/e2e/orderFlow.cy.js\"\n}",
              "code": "",
              "err": {},
              "uuid": "c10b2188-d173-4b53-afba-beb6d6ae41be",
              "parentUUID": "761a6466-505b-415e-8f53-2e304d474a83",
              "isHook": false,
              "skipped": false
            }
          ],
          "suites": [],
          "passes": [
            "128f4c64-b3a0-4a15-ab53-3486d7fe8555",
            "6204cac1-8fa2-4cb7-93b8-e4b16704b2d2",
            "5b51d0ed-50d5-4895-ace3-05ec2405bed3",
            "c10b2188-d173-4b53-afba-beb6d6ae41be"
          ],
          "failures": [],
          "pending": [],
          "skipped": [],
          "duration": 34,
          "root": false,
          "rootEmpty": false,
          "_timeout": 2000
        }
      ],
      "passes": [],
      "failures": [],
      "pending": [],
      "skipped": [],
      "duration": 0,
      "root": true,
      "rootEmpty": true,
      "_timeout": 2000
    }
  ],
  "meta": {
    "mocha": {
      "version": "7.2.0"
    },
    "mochawesome": {
      "options": {
        "quiet": false,
        "reportFilename": "mochawesome",
        "saveHtml": false,
        "saveJson": true,
        "consoleReporter": "spec",
        "useInlineDiffs": false,
        "code": true
      },
      "version": "7.1.3"
    },
    "marge": {
      "options": {
        "overwrite": false,
        "html": false,
        "json": true,
        "reportDir": "cypress/reports/html/.jsons"
      },
      "version": "6.2.0"
    }
  }
}