{
  "stats": {
    "suites": 1,
    "tests": 2,
    "passes": 1,
    "pending": 0,
    "failures": 1,
    "start": "2025-06-23T09:52:36.570Z",
    "end": "2025-06-23T09:52:45.139Z",
    "duration": 8569,
    "testsRegistered": 2,
    "passPercent": 50,
    "pendingPercent": 0,
    "other": 0,
    "hasOther": false,
    "skipped": 0,
    "hasSkipped": false
  },
  "results": [
    {
      "uuid": "93eb12f0-b2c6-4b8e-80de-49ca40a2386d",
      "title": "",
      "fullFile": "cypress/e2e/loginFlow.cy.js",
      "file": "cypress/e2e/loginFlow.cy.js",
      "beforeHooks": [],
      "afterHooks": [],
      "tests": [],
      "suites": [
        {
          "uuid": "67702858-06fd-4b7a-90b7-7abc67ff7a4e",
          "title": "Login Flow Validation",
          "fullFile": "",
          "file": "",
          "beforeHooks": [],
          "afterHooks": [],
          "tests": [
            {
              "title": "Login using registered email - lowercase",
              "fullTitle": "Login Flow Validation Login using registered email - lowercase",
              "timedOut": null,
              "duration": 2152,
              "state": "passed",
              "speed": "fast",
              "pass": true,
              "fail": false,
              "pending": false,
              "context": "{\n  \"title\": \"cypress-mochawesome-reporter-videos-passed\",\n  \"value\": \"cypress/e2e/loginFlow.cy.js\"\n}",
              "code": "cy.get('#userEmail').type(user.emailLowercase);\ncy.get('#userPassword').type(user.password);\ncy.get('#login').click();\ncy.contains('#toast-container', 'Login Successfully').should('exist');",
              "err": {},
              "uuid": "7a4b8dda-487b-4038-9b69-0843742f89e4",
              "parentUUID": "67702858-06fd-4b7a-90b7-7abc67ff7a4e",
              "isHook": false,
              "skipped": false
            },
            {
              "title": "Login using registered email - uppercase",
              "fullTitle": "Login Flow Validation Login using registered email - uppercase",
              "timedOut": null,
              "duration": 5161,
              "state": "failed",
              "speed": null,
              "pass": false,
              "fail": true,
              "pending": false,
              "context": "[\n  {\n    \"title\": \"cypress-mochawesome-reporter-videos-failed\",\n    \"value\": \"cypress/e2e/loginFlow.cy.js\"\n  },\n  {\n    \"title\": \"cypress-mochawesome-reporter-screenshots\",\n    \"value\": [\n      [\n        \"/loginFlow.cy.js/Login Flow Validation -- Login using registered email - uppercase (failed).png\"\n      ]\n    ]\n  }\n]",
              "code": "cy.get('#userEmail').type(user.emailUppercase);\ncy.get('#userPassword').type(user.password);\ncy.get('#login').click();\ncy.contains('#toast-container', 'Login Successfully').should('exist');",
              "err": {
                "message": "AssertionError: Timed out retrying after 4000ms: Expected to find content: 'Login Successfully' within the selector: '#toast-container' but never did.",
                "estack": "AssertionError: Timed out retrying after 4000ms: Expected to find content: 'Login Successfully' within the selector: '#toast-container' but never did.\n    at Context.eval (webpack://ecommerce/./cypress/e2e/loginFlow.cy.js:30:62)",
                "diff": null
              },
              "uuid": "735bee37-e02f-424f-93f5-c838110e4697",
              "parentUUID": "67702858-06fd-4b7a-90b7-7abc67ff7a4e",
              "isHook": false,
              "skipped": false
            }
          ],
          "suites": [],
          "passes": [
            "7a4b8dda-487b-4038-9b69-0843742f89e4"
          ],
          "failures": [
            "735bee37-e02f-424f-93f5-c838110e4697"
          ],
          "pending": [],
          "skipped": [],
          "duration": 7313,
          "root": false,
          "rootEmpty": false,
          "_timeout": 2000
        }
      ],
      "passes": [],
      "failures": [],
      "pending": [],
      "skipped": [],
      "duration": 0,
      "root": true,
      "rootEmpty": true,
      "_timeout": 2000
    }
  ],
  "meta": {
    "mocha": {
      "version": "7.2.0"
    },
    "mochawesome": {
      "options": {
        "quiet": false,
        "reportFilename": "mochawesome",
        "saveHtml": false,
        "saveJson": true,
        "consoleReporter": "spec",
        "useInlineDiffs": false,
        "code": true
      },
      "version": "7.1.3"
    },
    "marge": {
      "options": {
        "overwrite": false,
        "html": false,
        "json": true,
        "reportDir": "cypress/reports/html/.jsons"
      },
      "version": "6.2.0"
    }
  }
}